0 info it worked if it ends with ok
1 verbose cli [ 'E:\\Programme\\nodejs\\node.exe',
1 verbose cli   'E:\\Programme\\nodejs\\node_modules\\npm\\bin\\npm-cli.js',
1 verbose cli   'run',
1 verbose cli   'build' ]
2 info using npm@3.10.10
3 info using node@v6.11.0
4 verbose run-script [ 'prebuild', 'build', 'postbuild' ]
5 info lifecycle @~prebuild: @
6 silly lifecycle @~prebuild: no script for prebuild, continuing
7 info lifecycle @~build: @
8 verbose lifecycle @~build: unsafe-perm in lifecycle true
9 verbose lifecycle @~build: PATH: E:\Programme\nodejs\node_modules\npm\bin\node-gyp-bin;C:\Users\Peter\Dev\shoebox\frontend\node_modules\.bin;C:\Users\Peter\Dev\cmder\bin;C:\Users\Peter\Dev\cmder\vendor\git-for-windows\cmd;C:\Users\Peter\Dev\cmder\vendor\conemu-maximus5\ConEmu\Scripts;C:\Users\Peter\Dev\cmder\vendor\conemu-maximus5;C:\Users\Peter\Dev\cmder\vendor\conemu-maximus5\ConEmu;C:\ProgramData\Oracle\Java\javapath;C:\Program Files (x86)\Intel\iCLS Client\;C:\Program Files\Intel\iCLS Client\;C:\Program Files (x86)\Lenovo\FusionEngine;C:\Windows\system32;C:\Windows;C:\Windows\System32\Wbem;C:\Windows\System32\WindowsPowerShell\v1.0\;C:\Program Files (x86)\NVIDIA Corporation\PhysX\Common;C:\Program Files (x86)\Intel\Intel(R) Management Engine Components\DAL;C:\Program Files\Intel\Intel(R) Management Engine Components\DAL;C:\Program Files (x86)\Intel\Intel(R) Management Engine Components\IPT;C:\Program Files\Intel\Intel(R) Management Engine Components\IPT;C:\Program Files\Intel\WiFi\bin\;C:\Program Files\Common Files\Intel\WirelessCommon\;C:\Go\bin;C:\WINDOWS\system32;C:\WINDOWS;C:\WINDOWS\System32\Wbem;C:\WINDOWS\System32\WindowsPowerShell\v1.0\;C:\Program Files\CMake\bin;C:\Users\Peter\.cargo\bin;C:\Users\Peter\AppData\Local\Programs\Python\Python36-32\Scripts\;C:\Users\Peter\AppData\Local\Programs\Python\Python36-32\;C:\Users\Peter\AppData\Local\Microsoft\WindowsApps;;C:\Users\Peter\Dev\cmder\vendor\git-for-windows\usr\bin;C:\Users\Peter\Dev\cmder\vendor\git-for-windows\usr\share\vim\vim74;C:\Users\Peter\Dev\cmder\;E:\Programme\nodejs
10 verbose lifecycle @~build: CWD: C:\Users\Peter\Dev\shoebox\frontend
11 silly lifecycle @~build: Args: [ '/d /s /c', 'pulp build --to dist/app.js' ]
12 silly lifecycle @~build: Returned: code: 1  signal: null
13 info lifecycle @~build: Failed to exec build script
14 verbose stack Error: @ build: `pulp build --to dist/app.js`
14 verbose stack Exit status 1
14 verbose stack     at EventEmitter.<anonymous> (E:\Programme\nodejs\node_modules\npm\lib\utils\lifecycle.js:255:16)
14 verbose stack     at emitTwo (events.js:106:13)
14 verbose stack     at EventEmitter.emit (events.js:191:7)
14 verbose stack     at ChildProcess.<anonymous> (E:\Programme\nodejs\node_modules\npm\lib\utils\spawn.js:40:14)
14 verbose stack     at emitTwo (events.js:106:13)
14 verbose stack     at ChildProcess.emit (events.js:191:7)
14 verbose stack     at maybeClose (internal/child_process.js:891:16)
14 verbose stack     at Process.ChildProcess._handle.onexit (internal/child_process.js:226:5)
15 verbose pkgid @
16 verbose cwd C:\Users\Peter\Dev\shoebox\frontend
17 error Windows_NT 10.0.14393
18 error argv "E:\\Programme\\nodejs\\node.exe" "E:\\Programme\\nodejs\\node_modules\\npm\\bin\\npm-cli.js" "run" "build"
19 error node v6.11.0
20 error npm  v3.10.10
21 error code ELIFECYCLE
22 error @ build: `pulp build --to dist/app.js`
22 error Exit status 1
23 error Failed at the @ build script 'pulp build --to dist/app.js'.
23 error Make sure you have the latest version of node.js and npm installed.
23 error If you do, this is most likely a problem with the  package,
23 error not with npm itself.
23 error Tell the author that this fails on your system:
23 error     pulp build --to dist/app.js
23 error You can get information on how to open an issue for this project with:
23 error     npm bugs
23 error Or if that isn't available, you can get their info via:
23 error     npm owner ls
23 error There is likely additional logging output above.
24 verbose exit [ 1, true ]
